2004.01.28 15:54 B C:\Documents and Settings\Micro02\Meus documentos\webs\aldeia\webd_works\abr_natal.jpg --> ftp.aldeiagrafica.com.br / abr_natal.jpg
2004.01.28 15:54 B C:\Documents and Settings\Micro02\Meus documentos\webs\aldeia\webd_works\abr_natal.png --> ftp.aldeiagrafica.com.br / abr_natal.png
2004.01.28 15:54 B C:\Documents and Settings\Micro02\Meus documentos\webs\aldeia\webd_works\ald_natal.jpg --> ftp.aldeiagrafica.com.br / ald_natal.jpg
2004.01.28 15:54 B C:\Documents and Settings\Micro02\Meus documentos\webs\aldeia\webd_works\ald_natal.png --> ftp.aldeiagrafica.com.br / ald_natal.png
2004.01.28 15:54 B C:\Documents and Settings\Micro02\Meus documentos\webs\aldeia\webd_works\congraf.jpg --> ftp.aldeiagrafica.com.br / congraf.jpg
2004.01.28 15:54 B C:\Documents and Settings\Micro02\Meus documentos\webs\aldeia\webd_works\congraf.png --> ftp.aldeiagrafica.com.br / congraf.png
2004.01.28 15:54 B C:\Documents and Settings\Micro02\Meus documentos\webs\aldeia\webd_works\cotema300.jpg --> ftp.aldeiagrafica.com.br / cotema300.jpg
2004.01.28 15:54 B C:\Documents and Settings\Micro02\Meus documentos\webs\aldeia\webd_works\cotema60.png --> ftp.aldeiagrafica.com.br / cotema60.png
2004.01.28 15:54 B C:\Documents and Settings\Micro02\Meus documentos\webs\aldeia\webd_works\cotemaNatal.jpg --> ftp.aldeiagrafica.com.br / cotemaNatal.jpg
2004.01.28 15:54 B C:\Documents and Settings\Micro02\Meus documentos\webs\aldeia\webd_works\cotemaNatal.png --> ftp.aldeiagrafica.com.br / cotemaNatal.png
2004.01.28 15:54 B C:\Documents and Settings\Micro02\Meus documentos\webs\aldeia\webd_works\trier300.jpg --> ftp.aldeiagrafica.com.br / trier300.jpg
2004.01.28 15:54 B C:\Documents and Settings\Micro02\Meus documentos\webs\aldeia\webd_works\trier60.png --> ftp.aldeiagrafica.com.br / trier60.png
2004.01.28 15:59 B C:\Documents and Settings\Micro02\Meus documentos\webs\aldeia\webd_works\abr_natal.jpg --> ftp.aldeiagrafica.com.br /webd_works abr_natal.jpg
2004.01.28 15:59 B C:\Documents and Settings\Micro02\Meus documentos\webs\aldeia\webd_works\abr_natal.png --> ftp.aldeiagrafica.com.br /webd_works abr_natal.png
2004.01.28 15:59 B C:\Documents and Settings\Micro02\Meus documentos\webs\aldeia\webd_works\ald_natal.jpg --> ftp.aldeiagrafica.com.br /webd_works ald_natal.jpg
2004.01.28 15:59 B C:\Documents and Settings\Micro02\Meus documentos\webs\aldeia\webd_works\ald_natal.png --> ftp.aldeiagrafica.com.br /webd_works ald_natal.png
2004.01.28 15:59 B C:\Documents and Settings\Micro02\Meus documentos\webs\aldeia\webd_works\congraf.jpg --> ftp.aldeiagrafica.com.br /webd_works congraf.jpg
2004.01.28 15:59 B C:\Documents and Settings\Micro02\Meus documentos\webs\aldeia\webd_works\congraf.png --> ftp.aldeiagrafica.com.br /webd_works congraf.png
2004.01.28 15:59 B C:\Documents and Settings\Micro02\Meus documentos\webs\aldeia\webd_works\cotema300.jpg --> ftp.aldeiagrafica.com.br /webd_works cotema300.jpg
2004.01.28 15:59 B C:\Documents and Settings\Micro02\Meus documentos\webs\aldeia\webd_works\cotema60.png --> ftp.aldeiagrafica.com.br /webd_works cotema60.png
2004.01.28 15:59 B C:\Documents and Settings\Micro02\Meus documentos\webs\aldeia\webd_works\cotemaNatal.jpg --> ftp.aldeiagrafica.com.br /webd_works cotemaNatal.jpg
2004.01.28 15:59 B C:\Documents and Settings\Micro02\Meus documentos\webs\aldeia\webd_works\cotemaNatal.png --> ftp.aldeiagrafica.com.br /webd_works cotemaNatal.png
